<?xml version="1.0" encoding="UTF-8"?>
<testsuites name="jest tests" tests="701" failures="0" errors="0" time="3.798">
  <testsuite name="VAT Routes" errors="0" failures="0" skipped="0" timestamp="2025-09-18T08:23:40" time="0.911" tests="19">
    <testcase classname="VAT Routes should be an array of route objects" name="VAT Routes should be an array of route objects" time="0.008">
    </testcase>
    <testcase classname="VAT Routes VAT Menu Route should have VAT menu route" name="VAT Routes VAT Menu Route should have VAT menu route" time="0.001">
    </testcase>
    <testcase classname="VAT Routes VAT Dashboard Route should have dashboard route" name="VAT Routes VAT Dashboard Route should have dashboard route" time="0.001">
    </testcase>
    <testcase classname="VAT Routes VAT Integration Route should have integration route with parameter" name="VAT Routes VAT Integration Route should have integration route with parameter" time="0.002">
    </testcase>
    <testcase classname="VAT Routes VAT Integration Route should be hidden from menu" name="VAT Routes VAT Integration Route should be hidden from menu" time="0.001">
    </testcase>
    <testcase classname="VAT Routes VAT Operations Route should have operations route" name="VAT Routes VAT Operations Route should have operations route" time="0.009">
    </testcase>
    <testcase classname="VAT Routes Role-based Access should have role restrictions on all routes" name="VAT Routes Role-based Access should have role restrictions on all routes" time="0.001">
    </testcase>
    <testcase classname="VAT Routes Role-based Access should require ROLE_TVA for all routes" name="VAT Routes Role-based Access should require ROLE_TVA for all routes" time="0.001">
    </testcase>
    <testcase classname="VAT Routes Menu Hierarchy should have proper parent-child relationships" name="VAT Routes Menu Hierarchy should have proper parent-child relationships" time="0">
    </testcase>
    <testcase classname="VAT Routes Menu Hierarchy should have dropdown menu properly configured" name="VAT Routes Menu Hierarchy should have dropdown menu properly configured" time="0.001">
    </testcase>
    <testcase classname="VAT Routes Route Icons should have Material Design icons for visible routes" name="VAT Routes Route Icons should have Material Design icons for visible routes" time="0.001">
    </testcase>
    <testcase classname="VAT Routes Route Icons should have invoice-related icons" name="VAT Routes Route Icons should have invoice-related icons" time="0">
    </testcase>
    <testcase classname="VAT Routes Route Configuration should have all required properties" name="VAT Routes Route Configuration should have all required properties" time="0.001">
    </testcase>
    <testcase classname="VAT Routes Route Configuration should have components for non-dropdown routes" name="VAT Routes Route Configuration should have components for non-dropdown routes" time="0">
    </testcase>
    <testcase classname="VAT Routes Route Configuration should have titles for routes with titles" name="VAT Routes Route Configuration should have titles for routes with titles" time="0.001">
    </testcase>
    <testcase classname="VAT Routes Route Parameters should have parameterized route for integration" name="VAT Routes Route Parameters should have parameterized route for integration" time="0.001">
    </testcase>
    <testcase classname="VAT Routes Route Functionality should include dashboard functionality" name="VAT Routes Route Functionality should include dashboard functionality" time="0">
    </testcase>
    <testcase classname="VAT Routes Route Functionality should include operations management" name="VAT Routes Route Functionality should include operations management" time="0.001">
    </testcase>
    <testcase classname="VAT Routes Route Functionality should include integration capabilities" name="VAT Routes Route Functionality should include integration capabilities" time="0.001">
    </testcase>
  </testsuite>
  <testsuite name="Lead Type API" errors="0" failures="0" skipped="0" timestamp="2025-09-18T08:23:40" time="0.911" tests="4">
    <testcase classname="Lead Type API findAll should call GET /lead_types without pagination" name="Lead Type API findAll should call GET /lead_types without pagination" time="0.019">
    </testcase>
    <testcase classname="Lead Type API findAll should handle errors when fetching lead types" name="Lead Type API findAll should handle errors when fetching lead types" time="0.011">
    </testcase>
    <testcase classname="Lead Type API should have correct baseUrl (note: appears to be incorrect in source)" name="Lead Type API should have correct baseUrl (note: appears to be incorrect in source)" time="0.001">
    </testcase>
    <testcase classname="Lead Type API should inherit base API methods" name="Lead Type API should inherit base API methods" time="0.002">
    </testcase>
  </testsuite>
  <testsuite name="OSS Routes" errors="0" failures="0" skipped="0" timestamp="2025-09-18T08:23:40" time="0.925" tests="15">
    <testcase classname="OSS Routes should be an array of route objects" name="OSS Routes should be an array of route objects" time="0.006">
    </testcase>
    <testcase classname="OSS Routes OSS Menu Route should have OSS menu route" name="OSS Routes OSS Menu Route should have OSS menu route" time="0.001">
    </testcase>
    <testcase classname="OSS Routes OSS Menu Route should use EU flag instead of icon" name="OSS Routes OSS Menu Route should use EU flag instead of icon" time="0">
    </testcase>
    <testcase classname="OSS Routes OSS Dashboard Route should have dashboard route" name="OSS Routes OSS Dashboard Route should have dashboard route" time="0.001">
    </testcase>
    <testcase classname="OSS Routes OSS Integration Route should have integration route with parameter" name="OSS Routes OSS Integration Route should have integration route with parameter" time="0.001">
    </testcase>
    <testcase classname="OSS Routes OSS Integration Route should be hidden from menu" name="OSS Routes OSS Integration Route should be hidden from menu" time="0.001">
    </testcase>
    <testcase classname="OSS Routes Role-based Access should have role restrictions on all routes" name="OSS Routes Role-based Access should have role restrictions on all routes" time="0">
    </testcase>
    <testcase classname="OSS Routes Role-based Access should require ROLE_OSS for all routes" name="OSS Routes Role-based Access should require ROLE_OSS for all routes" time="0.001">
    </testcase>
    <testcase classname="OSS Routes Menu Hierarchy should have proper parent-child relationships" name="OSS Routes Menu Hierarchy should have proper parent-child relationships" time="0">
    </testcase>
    <testcase classname="OSS Routes Menu Hierarchy should have dropdown menu properly configured" name="OSS Routes Menu Hierarchy should have dropdown menu properly configured" time="0.001">
    </testcase>
    <testcase classname="OSS Routes Route Configuration should have all required properties" name="OSS Routes Route Configuration should have all required properties" time="0.001">
    </testcase>
    <testcase classname="OSS Routes Route Configuration should have components for non-dropdown routes" name="OSS Routes Route Configuration should have components for non-dropdown routes" time="0">
    </testcase>
    <testcase classname="OSS Routes Route Configuration should have titles for visible routes" name="OSS Routes Route Configuration should have titles for visible routes" time="0">
    </testcase>
    <testcase classname="OSS Routes Route Parameters should have parameterized route for integration" name="OSS Routes Route Parameters should have parameterized route for integration" time="0.001">
    </testcase>
    <testcase classname="OSS Routes EU Flag Configuration should use EU flag for main menu" name="OSS Routes EU Flag Configuration should use EU flag for main menu" time="0.001">
    </testcase>
  </testsuite>
  <testsuite name="User Store" errors="0" failures="0" skipped="0" timestamp="2025-09-18T08:23:40" time="0.942" tests="7">
    <testcase classname="User Store Store Creation should create store instance with additional user-specific properties" name="User Store Store Creation should create store instance with additional user-specific properties" time="0.012">
    </testcase>
    <testcase classname="User Store Store Creation should expose all base store methods plus custom methods" name="User Store Store Creation should expose all base store methods plus custom methods" time="0.003">
    </testcase>
    <testcase classname="User Store refreshAll should fetch all users and update store" name="User Store refreshAll should fetch all users and update store" time="0.003">
    </testcase>
    <testcase classname="User Store refreshAll should handle errors in refreshAll" name="User Store refreshAll should handle errors in refreshAll" time="0.002">
    </testcase>
    <testcase classname="User Store reset should reset all store state including filtered lists" name="User Store reset should reset all store state including filtered lists" time="0.001">
    </testcase>
    <testcase classname="User Store findByRole should find users by role and update filtered list" name="User Store findByRole should find users by role and update filtered list" time="0.001">
    </testcase>
    <testcase classname="User Store findByRole should handle errors when finding by role" name="User Store findByRole should handle errors when finding by role" time="0.001">
    </testcase>
  </testsuite>
  <testsuite name="Customs Routes" errors="0" failures="0" skipped="0" timestamp="2025-09-18T08:23:40" time="0.925" tests="12">
    <testcase classname="Customs Routes should be an array of route objects" name="Customs Routes should be an array of route objects" time="0.006">
    </testcase>
    <testcase classname="Customs Routes Customs Menu Route should have customs menu route" name="Customs Routes Customs Menu Route should have customs menu route" time="0.001">
    </testcase>
    <testcase classname="Customs Routes Customs Commissions Route should have commissions route" name="Customs Routes Customs Commissions Route should have commissions route" time="0.001">
    </testcase>
    <testcase classname="Customs Routes Customs Settings Route should have settings route" name="Customs Routes Customs Settings Route should have settings route" time="0.001">
    </testcase>
    <testcase classname="Customs Routes Category List Route should have category list route" name="Customs Routes Category List Route should have category list route" time="0.002">
    </testcase>
    <testcase classname="Customs Routes Role-based Access should have role restrictions on all routes" name="Customs Routes Role-based Access should have role restrictions on all routes" time="0.001">
    </testcase>
    <testcase classname="Customs Routes Role-based Access should use appropriate customs roles" name="Customs Routes Role-based Access should use appropriate customs roles" time="0.001">
    </testcase>
    <testcase classname="Customs Routes Menu Hierarchy should have proper parent-child relationships" name="Customs Routes Menu Hierarchy should have proper parent-child relationships" time="0">
    </testcase>
    <testcase classname="Customs Routes Menu Hierarchy should have dropdown menus properly configured" name="Customs Routes Menu Hierarchy should have dropdown menus properly configured" time="0.001">
    </testcase>
    <testcase classname="Customs Routes Menu Hierarchy should have root references for nested routes" name="Customs Routes Menu Hierarchy should have root references for nested routes" time="0.001">
    </testcase>
    <testcase classname="Customs Routes Route Icons should have appropriate Material Design icons" name="Customs Routes Route Icons should have appropriate Material Design icons" time="0.005">
    </testcase>
    <testcase classname="Customs Routes Component Loading should have components for non-dropdown routes" name="Customs Routes Component Loading should have components for non-dropdown routes" time="0">
    </testcase>
  </testsuite>
  <testsuite name="Society Store" errors="0" failures="0" skipped="0" timestamp="2025-09-18T08:23:40" time="0.975" tests="1">
    <testcase classname="Society Store Store Creation should create store instance" name="Society Store Store Creation should create store instance" time="0.04">
    </testcase>
  </testsuite>
  <testsuite name="Common Helper" errors="0" failures="0" skipped="0" timestamp="2025-09-18T08:23:40" time="1.072" tests="42">
    <testcase classname="Common Helper String Utilities capitalizeFirstLetter should capitalize first letter of string" name="Common Helper String Utilities capitalizeFirstLetter should capitalize first letter of string" time="0.027">
    </testcase>
    <testcase classname="Common Helper String Utilities capitalizeFirstLetter should handle empty or null strings" name="Common Helper String Utilities capitalizeFirstLetter should handle empty or null strings" time="0.001">
    </testcase>
    <testcase classname="Common Helper String Utilities lowercaseFirstLetter should lowercase first letter of string" name="Common Helper String Utilities lowercaseFirstLetter should lowercase first letter of string" time="0.001">
    </testcase>
    <testcase classname="Common Helper String Utilities initiale should return first letter uppercase" name="Common Helper String Utilities initiale should return first letter uppercase" time="0.001">
    </testcase>
    <testcase classname="Common Helper String Utilities padZero should pad with zeros to specified length" name="Common Helper String Utilities padZero should pad with zeros to specified length" time="0.001">
    </testcase>
    <testcase classname="Common Helper String Utilities padZero should use default length of 2" name="Common Helper String Utilities padZero should use default length of 2" time="0.005">
    </testcase>
    <testcase classname="Common Helper String Utilities sprintf should replace %s placeholders with arguments" name="Common Helper String Utilities sprintf should replace %s placeholders with arguments" time="0">
    </testcase>
    <testcase classname="Common Helper String Utilities sprintf should return original string if no arguments" name="Common Helper String Utilities sprintf should return original string if no arguments" time="0.001">
    </testcase>
    <testcase classname="Common Helper String Utilities numberToString should convert numbers to string words" name="Common Helper String Utilities numberToString should convert numbers to string words" time="0.001">
    </testcase>
    <testcase classname="Common Helper String Utilities numberToString should return &quot;none&quot; for numbers out of range" name="Common Helper String Utilities numberToString should return &quot;none&quot; for numbers out of range" time="0.004">
    </testcase>
    <testcase classname="Common Helper Type Checking isArray should correctly identify arrays" name="Common Helper Type Checking isArray should correctly identify arrays" time="0.009">
    </testcase>
    <testcase classname="Common Helper Type Checking isObject should correctly identify objects" name="Common Helper Type Checking isObject should correctly identify objects" time="0.001">
    </testcase>
    <testcase classname="Common Helper Type Checking isEmptyOrNull should correctly identify empty or null values" name="Common Helper Type Checking isEmptyOrNull should correctly identify empty or null values" time="0.001">
    </testcase>
    <testcase classname="Common Helper Object Utilities areObjectsEqual should compare objects correctly" name="Common Helper Object Utilities areObjectsEqual should compare objects correctly" time="0.001">
    </testcase>
    <testcase classname="Common Helper Object Utilities getDifference should return differences between objects" name="Common Helper Object Utilities getDifference should return differences between objects" time="0.002">
    </testcase>
    <testcase classname="Common Helper Object Utilities toString should convert various types to string" name="Common Helper Object Utilities toString should convert various types to string" time="0.007">
    </testcase>
    <testcase classname="Common Helper Object Utilities toString should handle objects with stringValue" name="Common Helper Object Utilities toString should handle objects with stringValue" time="0">
    </testcase>
    <testcase classname="Common Helper Object Utilities toString should handle complex objects" name="Common Helper Object Utilities toString should handle complex objects" time="0.012">
    </testcase>
    <testcase classname="Common Helper Array Utilities removeDuplicates should remove duplicate items from array" name="Common Helper Array Utilities removeDuplicates should remove duplicate items from array" time="0.001">
    </testcase>
    <testcase classname="Common Helper Array Utilities removeDuplicates should handle object arrays" name="Common Helper Array Utilities removeDuplicates should handle object arrays" time="0">
    </testcase>
    <testcase classname="Common Helper Array Utilities removeItemFromList should remove item from list by id" name="Common Helper Array Utilities removeItemFromList should remove item from list by id" time="0.001">
    </testcase>
    <testcase classname="Common Helper Array Utilities listWithSlots should add slot items to beginning of list" name="Common Helper Array Utilities listWithSlots should add slot items to beginning of list" time="0.001">
    </testcase>
    <testcase classname="Common Helper Date Utilities formatDate should format date correctly" name="Common Helper Date Utilities formatDate should format date correctly" time="0.001">
    </testcase>
    <testcase classname="Common Helper Date Utilities formatDate should return undefined for null/undefined values" name="Common Helper Date Utilities formatDate should return undefined for null/undefined values" time="0">
    </testcase>
    <testcase classname="Common Helper Date Utilities formatDateTime should format datetime correctly" name="Common Helper Date Utilities formatDateTime should format datetime correctly" time="0.001">
    </testcase>
    <testcase classname="Common Helper Date Utilities formatPeriod should format period correctly" name="Common Helper Date Utilities formatPeriod should format period correctly" time="0">
    </testcase>
    <testcase classname="Common Helper Date Utilities ExcelDateToJSDate should convert Excel serial date to JS Date" name="Common Helper Date Utilities ExcelDateToJSDate should convert Excel serial date to JS Date" time="0">
    </testcase>
    <testcase classname="Common Helper Date Utilities clearDate should clear date range" name="Common Helper Date Utilities clearDate should clear date range" time="0.001">
    </testcase>
    <testcase classname="Common Helper Crypto and Hash Functions getGravatarURL should generate gravatar URL" name="Common Helper Crypto and Hash Functions getGravatarURL should generate gravatar URL" time="0.005">
    </testcase>
    <testcase classname="Common Helper Crypto and Hash Functions getGravatarURL should use default parameters" name="Common Helper Crypto and Hash Functions getGravatarURL should use default parameters" time="0.001">
    </testcase>
    <testcase classname="Common Helper Crypto and Hash Functions getHexColor should generate hex color from ciphertext" name="Common Helper Crypto and Hash Functions getHexColor should generate hex color from ciphertext" time="0.008">
    </testcase>
    <testcase classname="Common Helper Crypto and Hash Functions getHexColor should handle special cases" name="Common Helper Crypto and Hash Functions getHexColor should handle special cases" time="0.001">
    </testcase>
    <testcase classname="Common Helper Deep Comparison and Diff deepCompareWithoutOrder should compare objects deeply without order consideration" name="Common Helper Deep Comparison and Diff deepCompareWithoutOrder should compare objects deeply without order consideration" time="0">
    </testcase>
    <testcase classname="Common Helper Deep Comparison and Diff deepDiffMapper should create diff mapper with correct methods" name="Common Helper Deep Comparison and Diff deepDiffMapper should create diff mapper with correct methods" time="0.001">
    </testcase>
    <testcase classname="Common Helper Deep Comparison and Diff deepDiffMapper should compare values correctly" name="Common Helper Deep Comparison and Diff deepDiffMapper should compare values correctly" time="0.03">
    </testcase>
    <testcase classname="Common Helper Deep Comparison and Diff deepDiffMapper should identify data types correctly" name="Common Helper Deep Comparison and Diff deepDiffMapper should identify data types correctly" time="0.001">
    </testcase>
    <testcase classname="Common Helper Utility Functions sleep should complete without error" name="Common Helper Utility Functions sleep should complete without error" time="0.007">
    </testcase>
    <testcase classname="Common Helper Utility Functions getHourFromDate should extract hour from date" name="Common Helper Utility Functions getHourFromDate should extract hour from date" time="0.004">
    </testcase>
    <testcase classname="Common Helper Utility Functions getHourFromDate should return undefined for null values" name="Common Helper Utility Functions getHourFromDate should return undefined for null values" time="0">
    </testcase>
    <testcase classname="Common Helper Utility Functions getObjectNameWithCountry should return country code with string value" name="Common Helper Utility Functions getObjectNameWithCountry should return country code with string value" time="0.001">
    </testcase>
    <testcase classname="Common Helper Utility Functions getObjectNameWithCountry should handle nested country object" name="Common Helper Utility Functions getObjectNameWithCountry should handle nested country object" time="0">
    </testcase>
    <testcase classname="Common Helper Utility Functions getObjectNameWithCountry should return undefined for invalid objects" name="Common Helper Utility Functions getObjectNameWithCountry should return undefined for invalid objects" time="0.001">
    </testcase>
  </testsuite>
  <testsuite name="Lead Type Store" errors="0" failures="0" skipped="0" timestamp="2025-09-18T08:23:40" time="1.184" tests="23">
    <testcase classname="Lead Type Store Store Creation should create store instance" name="Lead Type Store Store Creation should create store instance" time="0.016">
    </testcase>
    <testcase classname="Lead Type Store Store Creation should expose reactive properties" name="Lead Type Store Store Creation should expose reactive properties" time="0.013">
    </testcase>
    <testcase classname="Lead Type Store Store Creation should expose computed properties" name="Lead Type Store Store Creation should expose computed properties" time="0.001">
    </testcase>
    <testcase classname="Lead Type Store Store Creation should expose custom properties" name="Lead Type Store Store Creation should expose custom properties" time="0.001">
    </testcase>
    <testcase classname="Lead Type Store Store Creation should expose custom methods" name="Lead Type Store Store Creation should expose custom methods" time="0.002">
    </testcase>
    <testcase classname="Lead Type Store API Integration should use leadType API" name="Lead Type Store API Integration should use leadType API" time="0.001">
    </testcase>
    <testcase classname="Lead Type Store Store Methods should expose all base store methods" name="Lead Type Store Store Methods should expose all base store methods" time="0.039">
    </testcase>
    <testcase classname="Lead Type Store Store Methods should have all methods available for invocation" name="Lead Type Store Store Methods should have all methods available for invocation" time="0.041">
    </testcase>
    <testcase classname="Lead Type Store Custom Methods getHighestPosition should return 0 when list is empty" name="Lead Type Store Custom Methods getHighestPosition should return 0 when list is empty" time="0.008">
    </testcase>
    <testcase classname="Lead Type Store Custom Methods getHighestPosition should return highest position from non-hidden items" name="Lead Type Store Custom Methods getHighestPosition should return highest position from non-hidden items" time="0.009">
    </testcase>
    <testcase classname="Lead Type Store Custom Methods getHighestPosition should handle all hidden items" name="Lead Type Store Custom Methods getHighestPosition should handle all hidden items" time="0.101">
    </testcase>
    <testcase classname="Lead Type Store Custom Methods getHighestPosition should handle single item" name="Lead Type Store Custom Methods getHighestPosition should handle single item" time="0.001">
    </testcase>
    <testcase classname="Lead Type Store Custom Methods getLowestPosition should return 0 when list is empty" name="Lead Type Store Custom Methods getLowestPosition should return 0 when list is empty" time="0.001">
    </testcase>
    <testcase classname="Lead Type Store Custom Methods getLowestPosition should return lowest position from non-hidden items" name="Lead Type Store Custom Methods getLowestPosition should return lowest position from non-hidden items" time="0.001">
    </testcase>
    <testcase classname="Lead Type Store Custom Methods getLowestPosition should handle all hidden items" name="Lead Type Store Custom Methods getLowestPosition should handle all hidden items" time="0.001">
    </testcase>
    <testcase classname="Lead Type Store Custom Methods getLowestPosition should handle single item" name="Lead Type Store Custom Methods getLowestPosition should handle single item" time="0.001">
    </testcase>
    <testcase classname="Lead Type Store Custom Methods getLowestPosition should handle items with equal positions" name="Lead Type Store Custom Methods getLowestPosition should handle items with equal positions" time="0.001">
    </testcase>
    <testcase classname="Lead Type Store Error Handling should handle errors through base store" name="Lead Type Store Error Handling should handle errors through base store" time="0.001">
    </testcase>
    <testcase classname="Lead Type Store State Management should manage loading state" name="Lead Type Store State Management should manage loading state" time="0.001">
    </testcase>
    <testcase classname="Lead Type Store State Management should manage current page" name="Lead Type Store State Management should manage current page" time="0">
    </testcase>
    <testcase classname="Lead Type Store State Management should manage list data" name="Lead Type Store State Management should manage list data" time="0.001">
    </testcase>
    <testcase classname="Lead Type Store State Management should manage item data" name="Lead Type Store State Management should manage item data" time="0.001">
    </testcase>
    <testcase classname="Lead Type Store Language Property should have language set to fr" name="Lead Type Store Language Property should have language set to fr" time="0.002">
    </testcase>
  </testsuite>
  <testsuite name="Service Domain Store" errors="0" failures="0" skipped="0" timestamp="2025-09-18T08:23:41" time="0.229" tests="11">
    <testcase classname="Service Domain Store Store Creation should create store instance" name="Service Domain Store Store Creation should create store instance" time="0.003">
    </testcase>
    <testcase classname="Service Domain Store Store Creation should expose reactive properties" name="Service Domain Store Store Creation should expose reactive properties" time="0.002">
    </testcase>
    <testcase classname="Service Domain Store Store Creation should expose computed properties" name="Service Domain Store Store Creation should expose computed properties" time="0.001">
    </testcase>
    <testcase classname="Service Domain Store API Integration should use serviceDomain API" name="Service Domain Store API Integration should use serviceDomain API" time="0.002">
    </testcase>
    <testcase classname="Service Domain Store Store Methods should expose all base store methods" name="Service Domain Store Store Methods should expose all base store methods" time="0.008">
    </testcase>
    <testcase classname="Service Domain Store Store Methods should have all methods available for invocation" name="Service Domain Store Store Methods should have all methods available for invocation" time="0.002">
    </testcase>
    <testcase classname="Service Domain Store Error Handling should handle errors through base store" name="Service Domain Store Error Handling should handle errors through base store" time="0.004">
    </testcase>
    <testcase classname="Service Domain Store State Management should manage loading state" name="Service Domain Store State Management should manage loading state" time="0.001">
    </testcase>
    <testcase classname="Service Domain Store State Management should manage current page" name="Service Domain Store State Management should manage current page" time="0.002">
    </testcase>
    <testcase classname="Service Domain Store State Management should manage list data" name="Service Domain Store State Management should manage list data" time="0.002">
    </testcase>
    <testcase classname="Service Domain Store State Management should manage item data" name="Service Domain Store State Management should manage item data" time="0.001">
    </testcase>
  </testsuite>
  <testsuite name="Service Type API" errors="0" failures="0" skipped="0" timestamp="2025-09-18T08:23:41" time="0.201" tests="14">
    <testcase classname="Service Type API API Structure should have correct baseUrl" name="Service Type API API Structure should have correct baseUrl" time="0.002">
    </testcase>
    <testcase classname="Service Type API API Structure should inherit all base API methods" name="Service Type API API Structure should inherit all base API methods" time="0.002">
    </testcase>
    <testcase classname="Service Type API findAll method should call axios with correct URL and parameters" name="Service Type API findAll method should call axios with correct URL and parameters" time="0.002">
    </testcase>
    <testcase classname="Service Type API findAll method should return response from axios" name="Service Type API findAll method should return response from axios" time="0.001">
    </testcase>
    <testcase classname="Service Type API findAll method should handle errors properly" name="Service Type API findAll method should handle errors properly" time="0.027">
    </testcase>
    <testcase classname="Service Type API API Integration should merge base API with custom implementation" name="Service Type API API Integration should merge base API with custom implementation" time="0.001">
    </testcase>
    <testcase classname="Service Type API API Integration should override base findAll with custom implementation" name="Service Type API API Integration should override base findAll with custom implementation" time="0">
    </testcase>
    <testcase classname="Service Type API URL Construction should construct correct URL with query parameters" name="Service Type API URL Construction should construct correct URL with query parameters" time="0.001">
    </testcase>
    <testcase classname="Service Type API URL Construction should include sorting parameters" name="Service Type API URL Construction should include sorting parameters" time="0">
    </testcase>
    <testcase classname="Service Type API URL Construction should disable pagination" name="Service Type API URL Construction should disable pagination" time="0.001">
    </testcase>
    <testcase classname="Service Type API Service Type Specific Tests should use service_types endpoint" name="Service Type API Service Type Specific Tests should use service_types endpoint" time="0">
    </testcase>
    <testcase classname="Service Type API Service Type Specific Tests should sort by name in ascending order" name="Service Type API Service Type Specific Tests should sort by name in ascending order" time="0.001">
    </testcase>
    <testcase classname="Service Type API Error Scenarios should propagate axios errors" name="Service Type API Error Scenarios should propagate axios errors" time="0.002">
    </testcase>
    <testcase classname="Service Type API Error Scenarios should handle server errors" name="Service Type API Error Scenarios should handle server errors" time="0.001">
    </testcase>
  </testsuite>
  <testsuite name="Service Domain API" errors="0" failures="0" skipped="0" timestamp="2025-09-18T08:23:41" time="0.272" tests="10">
    <testcase classname="Service Domain API API Structure should have correct baseUrl" name="Service Domain API API Structure should have correct baseUrl" time="0.001">
    </testcase>
    <testcase classname="Service Domain API API Structure should inherit all base API methods" name="Service Domain API API Structure should inherit all base API methods" time="0.001">
    </testcase>
    <testcase classname="Service Domain API findAll method should call axios with correct URL and parameters" name="Service Domain API findAll method should call axios with correct URL and parameters" time="0.001">
    </testcase>
    <testcase classname="Service Domain API findAll method should return response from axios" name="Service Domain API findAll method should return response from axios" time="0">
    </testcase>
    <testcase classname="Service Domain API findAll method should handle errors properly" name="Service Domain API findAll method should handle errors properly" time="0.02">
    </testcase>
    <testcase classname="Service Domain API API Integration should merge base API with custom implementation" name="Service Domain API API Integration should merge base API with custom implementation" time="0.001">
    </testcase>
    <testcase classname="Service Domain API API Integration should override base findAll with custom implementation" name="Service Domain API API Integration should override base findAll with custom implementation" time="0">
    </testcase>
    <testcase classname="Service Domain API URL Construction should construct correct URL with query parameters" name="Service Domain API URL Construction should construct correct URL with query parameters" time="0">
    </testcase>
    <testcase classname="Service Domain API URL Construction should include sorting parameters" name="Service Domain API URL Construction should include sorting parameters" time="0.001">
    </testcase>
    <testcase classname="Service Domain API URL Construction should disable pagination" name="Service Domain API URL Construction should disable pagination" time="0.001">
    </testcase>
  </testsuite>
  <testsuite name="Lead API" errors="0" failures="0" skipped="0" timestamp="2025-09-18T08:23:42" time="0.156" tests="9">
    <testcase classname="Lead API addLeadComment should create FormData and post lead comment with attachments" name="Lead API addLeadComment should create FormData and post lead comment with attachments" time="0.005">
    </testcase>
    <testcase classname="Lead API addLeadComment should create FormData and post lead comment without attachments" name="Lead API addLeadComment should create FormData and post lead comment without attachments" time="0.001">
    </testcase>
    <testcase classname="Lead API addLeadComment should handle errors when adding lead comment" name="Lead API addLeadComment should handle errors when adding lead comment" time="0.026">
    </testcase>
    <testcase classname="Lead API findItemsByType should call GET with leadType filter" name="Lead API findItemsByType should call GET with leadType filter" time="0.001">
    </testcase>
    <testcase classname="Lead API findItemsByType should handle errors when finding leads by type" name="Lead API findItemsByType should handle errors when finding leads by type" time="0.009">
    </testcase>
    <testcase classname="Lead API transformIntoProspect should call PATCH to transform lead into prospect" name="Lead API transformIntoProspect should call PATCH to transform lead into prospect" time="0.001">
    </testcase>
    <testcase classname="Lead API transformIntoProspect should handle errors when transforming lead" name="Lead API transformIntoProspect should handle errors when transforming lead" time="0.001">
    </testcase>
    <testcase classname="Lead API should have baseUrl property" name="Lead API should have baseUrl property" time="0">
    </testcase>
    <testcase classname="Lead API should inherit base API methods" name="Lead API should inherit base API methods" time="0.001">
    </testcase>
  </testsuite>
  <testsuite name="Lead Assignment Rule Store" errors="0" failures="0" skipped="0" timestamp="2025-09-18T08:23:41" time="0.263" tests="11">
    <testcase classname="Lead Assignment Rule Store Store Creation should create store instance" name="Lead Assignment Rule Store Store Creation should create store instance" time="0.005">
    </testcase>
    <testcase classname="Lead Assignment Rule Store Store Creation should expose reactive properties" name="Lead Assignment Rule Store Store Creation should expose reactive properties" time="0.003">
    </testcase>
    <testcase classname="Lead Assignment Rule Store Store Creation should expose computed properties" name="Lead Assignment Rule Store Store Creation should expose computed properties" time="0.001">
    </testcase>
    <testcase classname="Lead Assignment Rule Store API Integration should use leadAssignmentRule API" name="Lead Assignment Rule Store API Integration should use leadAssignmentRule API" time="0.001">
    </testcase>
    <testcase classname="Lead Assignment Rule Store Store Methods should expose all base store methods" name="Lead Assignment Rule Store Store Methods should expose all base store methods" time="0.008">
    </testcase>
    <testcase classname="Lead Assignment Rule Store Store Methods should have all methods available for invocation" name="Lead Assignment Rule Store Store Methods should have all methods available for invocation" time="0.003">
    </testcase>
    <testcase classname="Lead Assignment Rule Store Error Handling should handle errors through base store" name="Lead Assignment Rule Store Error Handling should handle errors through base store" time="0.022">
    </testcase>
    <testcase classname="Lead Assignment Rule Store State Management should manage loading state" name="Lead Assignment Rule Store State Management should manage loading state" time="0.001">
    </testcase>
    <testcase classname="Lead Assignment Rule Store State Management should manage current page" name="Lead Assignment Rule Store State Management should manage current page" time="0.001">
    </testcase>
    <testcase classname="Lead Assignment Rule Store State Management should manage list data" name="Lead Assignment Rule Store State Management should manage list data" time="0.001">
    </testcase>
    <testcase classname="Lead Assignment Rule Store State Management should manage item data" name="Lead Assignment Rule Store State Management should manage item data" time="0.001">
    </testcase>
  </testsuite>
  <testsuite name="Lead Origin API" errors="0" failures="0" skipped="0" timestamp="2025-09-18T08:23:42" time="0.124" tests="2">
    <testcase classname="Lead Origin API should have correct baseUrl" name="Lead Origin API should have correct baseUrl" time="0.002">
    </testcase>
    <testcase classname="Lead Origin API should inherit all base API methods" name="Lead Origin API should inherit all base API methods" time="0.002">
    </testcase>
  </testsuite>
  <testsuite name="HomeView.vue" errors="0" failures="0" skipped="0" timestamp="2025-09-18T08:23:40" time="1.306" tests="10">
    <testcase classname="HomeView.vue is a Vue component" name="HomeView.vue is a Vue component" time="0.008">
    </testcase>
    <testcase classname="HomeView.vue renders v-main container" name="HomeView.vue renders v-main container" time="0.001">
    </testcase>
    <testcase classname="HomeView.vue displays the correct heading" name="HomeView.vue displays the correct heading" time="0.03">
    </testcase>
    <testcase classname="HomeView.vue renders getLongRequest button" name="HomeView.vue renders getLongRequest button" time="0.002">
    </testcase>
    <testcase classname="HomeView.vue initializes count and btnDisabled correctly" name="HomeView.vue initializes count and btnDisabled correctly" time="0.006">
    </testcase>
    <testcase classname="HomeView.vue increments count when getLongRequest is called" name="HomeView.vue increments count when getLongRequest is called" time="0.013">
    </testcase>
    <testcase classname="HomeView.vue disables button during getLongRequest execution" name="HomeView.vue disables button during getLongRequest execution" time="0.012">
    </testcase>
    <testcase classname="HomeView.vue calls securityStore.getLongRequest when button is clicked" name="HomeView.vue calls securityStore.getLongRequest when button is clicked" time="0.026">
    </testcase>
    <testcase classname="HomeView.vue renders button with correct text including count" name="HomeView.vue renders button with correct text including count" time="0.012">
    </testcase>
    <testcase classname="HomeView.vue button is disabled when btnDisabled is true" name="HomeView.vue button is disabled when btnDisabled is true" time="0.001">
    </testcase>
  </testsuite>
  <testsuite name="NavBar.vue" errors="0" failures="0" skipped="0" timestamp="2025-09-18T08:23:40" time="1.229" tests="10">
    <testcase classname="NavBar.vue is a Vue component" name="NavBar.vue is a Vue component" time="0.01">
    </testcase>
    <testcase classname="NavBar.vue renders v-app-bar correctly" name="NavBar.vue renders v-app-bar correctly" time="0.002">
    </testcase>
    <testcase classname="NavBar.vue filters routes correctly" name="NavBar.vue filters routes correctly" time="0.002">
    </testcase>
    <testcase classname="NavBar.vue getChildren returns child routes correctly" name="NavBar.vue getChildren returns child routes correctly" time="0.017">
    </testcase>
    <testcase classname="NavBar.vue shows dropdown menus configuration" name="NavBar.vue shows dropdown menus configuration" time="0.001">
    </testcase>
    <testcase classname="NavBar.vue handles route access control" name="NavBar.vue handles route access control" time="0.001">
    </testcase>
    <testcase classname="NavBar.vue handles disabled routes correctly" name="NavBar.vue handles disabled routes correctly" time="0.001">
    </testcase>
    <testcase classname="NavBar.vue filters hidden routes" name="NavBar.vue filters hidden routes" time="0.018">
    </testcase>
    <testcase classname="NavBar.vue handles route metadata correctly" name="NavBar.vue handles route metadata correctly" time="0.001">
    </testcase>
    <testcase classname="NavBar.vue handles nested dropdown menus" name="NavBar.vue handles nested dropdown menus" time="0.009">
    </testcase>
  </testsuite>
  <testsuite name="Country Store" errors="0" failures="0" skipped="0" timestamp="2025-09-18T08:23:42" time="0.22" tests="11">
    <testcase classname="Country Store Store Creation should create store instance" name="Country Store Store Creation should create store instance" time="0.003">
    </testcase>
    <testcase classname="Country Store Store Creation should expose reactive properties" name="Country Store Store Creation should expose reactive properties" time="0.004">
    </testcase>
    <testcase classname="Country Store Store Creation should expose computed properties" name="Country Store Store Creation should expose computed properties" time="0.002">
    </testcase>
    <testcase classname="Country Store API Integration should use country API" name="Country Store API Integration should use country API" time="0.002">
    </testcase>
    <testcase classname="Country Store Store Methods should expose all base store methods" name="Country Store Store Methods should expose all base store methods" time="0.002">
    </testcase>
    <testcase classname="Country Store Store Methods should have all methods available for invocation" name="Country Store Store Methods should have all methods available for invocation" time="0.003">
    </testcase>
    <testcase classname="Country Store Error Handling should handle errors through base store" name="Country Store Error Handling should handle errors through base store" time="0.004">
    </testcase>
    <testcase classname="Country Store State Management should manage loading state" name="Country Store State Management should manage loading state" time="0.002">
    </testcase>
    <testcase classname="Country Store State Management should manage current page" name="Country Store State Management should manage current page" time="0.001">
    </testcase>
    <testcase classname="Country Store State Management should manage list data" name="Country Store State Management should manage list data" time="0.002">
    </testcase>
    <testcase classname="Country Store State Management should manage item data" name="Country Store State Management should manage item data" time="0.001">
    </testcase>
  </testsuite>
  <testsuite name="Admin Routes" errors="0" failures="0" skipped="0" timestamp="2025-09-18T08:23:42" time="0.17" tests="14">
    <testcase classname="Admin Routes should be an array of route objects" name="Admin Routes should be an array of route objects" time="0.002">
    </testcase>
    <testcase classname="Admin Routes Admin Menu Route should have admin menu route" name="Admin Routes Admin Menu Route should have admin menu route" time="0.001">
    </testcase>
    <testcase classname="Admin Routes User Security Route should have user security route" name="Admin Routes User Security Route should have user security route" time="0.001">
    </testcase>
    <testcase classname="Admin Routes User Security Route should have correct icon" name="Admin Routes User Security Route should have correct icon" time="0">
    </testcase>
    <testcase classname="Admin Routes Currently Logged Users Route should have currently logged users route" name="Admin Routes Currently Logged Users Route should have currently logged users route" time="0.001">
    </testcase>
    <testcase classname="Admin Routes Currently Logged Users Route should have correct icon" name="Admin Routes Currently Logged Users Route should have correct icon" time="0">
    </testcase>
    <testcase classname="Admin Routes Security and Access Control should require ROLE_SUPER_ADMIN for all routes" name="Admin Routes Security and Access Control should require ROLE_SUPER_ADMIN for all routes" time="0.003">
    </testcase>
    <testcase classname="Admin Routes Security and Access Control should have icons for all routes" name="Admin Routes Security and Access Control should have icons for all routes" time="0.001">
    </testcase>
    <testcase classname="Admin Routes Menu Hierarchy should have proper parent-child relationships" name="Admin Routes Menu Hierarchy should have proper parent-child relationships" time="0.001">
    </testcase>
    <testcase classname="Admin Routes Menu Hierarchy should have dropdown menu properly configured" name="Admin Routes Menu Hierarchy should have dropdown menu properly configured" time="0.001">
    </testcase>
    <testcase classname="Admin Routes Route Configuration should have all required route properties" name="Admin Routes Route Configuration should have all required route properties" time="0.009">
    </testcase>
    <testcase classname="Admin Routes Route Configuration should have components for non-dropdown routes" name="Admin Routes Route Configuration should have components for non-dropdown routes" time="0">
    </testcase>
    <testcase classname="Admin Routes Administrative Functions should include user management functionality" name="Admin Routes Administrative Functions should include user management functionality" time="0">
    </testcase>
    <testcase classname="Admin Routes Administrative Functions should include session monitoring functionality" name="Admin Routes Administrative Functions should include session monitoring functionality" time="0">
    </testcase>
  </testsuite>
  <testsuite name="Business Sector Store" errors="0" failures="0" skipped="0" timestamp="2025-09-18T08:23:42" time="0.133" tests="2">
    <testcase classname="Business Sector Store Store Creation should create store instance" name="Business Sector Store Store Creation should create store instance" time="0.003">
    </testcase>
    <testcase classname="Business Sector Store Store Creation should expose reactive properties" name="Business Sector Store Store Creation should expose reactive properties" time="0.001">
    </testcase>
  </testsuite>
  <testsuite name="Lead Origin Store" errors="0" failures="0" skipped="0" timestamp="2025-09-18T08:23:42" time="0.168" tests="11">
    <testcase classname="Lead Origin Store Store Creation should create store instance" name="Lead Origin Store Store Creation should create store instance" time="0.005">
    </testcase>
    <testcase classname="Lead Origin Store Store Creation should expose reactive properties" name="Lead Origin Store Store Creation should expose reactive properties" time="0.001">
    </testcase>
    <testcase classname="Lead Origin Store Store Creation should expose computed properties" name="Lead Origin Store Store Creation should expose computed properties" time="0.001">
    </testcase>
    <testcase classname="Lead Origin Store API Integration should use leadOrigin API" name="Lead Origin Store API Integration should use leadOrigin API" time="0.001">
    </testcase>
    <testcase classname="Lead Origin Store Store Methods should expose all base store methods" name="Lead Origin Store Store Methods should expose all base store methods" time="0.006">
    </testcase>
    <testcase classname="Lead Origin Store Store Methods should have all methods available for invocation" name="Lead Origin Store Store Methods should have all methods available for invocation" time="0.002">
    </testcase>
    <testcase classname="Lead Origin Store Error Handling should handle errors through base store" name="Lead Origin Store Error Handling should handle errors through base store" time="0.001">
    </testcase>
    <testcase classname="Lead Origin Store State Management should manage loading state" name="Lead Origin Store State Management should manage loading state" time="0.001">
    </testcase>
    <testcase classname="Lead Origin Store State Management should manage current page" name="Lead Origin Store State Management should manage current page" time="0.001">
    </testcase>
    <testcase classname="Lead Origin Store State Management should manage list data" name="Lead Origin Store State Management should manage list data" time="0.001">
    </testcase>
    <testcase classname="Lead Origin Store State Management should manage item data" name="Lead Origin Store State Management should manage item data" time="0">
    </testcase>
  </testsuite>
  <testsuite name="User API" errors="0" failures="0" skipped="0" timestamp="2025-09-18T08:23:42" time="0.178" tests="14">
    <testcase classname="User API findItemsByType should call GET /utilisateurs with type filter" name="User API findItemsByType should call GET /utilisateurs with type filter" time="0.002">
    </testcase>
    <testcase classname="User API findItemsByType should handle errors when fetching users by type" name="User API findItemsByType should handle errors when fetching users by type" time="0.016">
    </testcase>
    <testcase classname="User API findBy should call GET /utilisateurs with default parameters" name="User API findBy should call GET /utilisateurs with default parameters" time="0.001">
    </testcase>
    <testcase classname="User API findBy should call GET /utilisateurs with active filter" name="User API findBy should call GET /utilisateurs with active filter" time="0.001">
    </testcase>
    <testcase classname="User API findBy should call GET /utilisateurs with role filter" name="User API findBy should call GET /utilisateurs with role filter" time="0.001">
    </testcase>
    <testcase classname="User API findBy should call GET /utilisateurs with both active and role filters" name="User API findBy should call GET /utilisateurs with both active and role filters" time="0">
    </testcase>
    <testcase classname="User API findBy should handle errors when finding users" name="User API findBy should handle errors when finding users" time="0.001">
    </testcase>
    <testcase classname="User API findAllActive should call findBy with active=true" name="User API findAllActive should call findBy with active=true" time="0.001">
    </testcase>
    <testcase classname="User API getCurrentlyLoggedUsers should call GET /getCurrentlyLoggedUsers endpoint" name="User API getCurrentlyLoggedUsers should call GET /getCurrentlyLoggedUsers endpoint" time="0.001">
    </testcase>
    <testcase classname="User API getCurrentlyLoggedUsers should handle errors when fetching currently logged users" name="User API getCurrentlyLoggedUsers should handle errors when fetching currently logged users" time="0.002">
    </testcase>
    <testcase classname="User API getNumberOfCurrentlyLoggedUsers should call GET /getCurrentlyLoggedUsers with countOnly parameter" name="User API getNumberOfCurrentlyLoggedUsers should call GET /getCurrentlyLoggedUsers with countOnly parameter" time="0">
    </testcase>
    <testcase classname="User API getNumberOfCurrentlyLoggedUsers should handle errors when fetching user count" name="User API getNumberOfCurrentlyLoggedUsers should handle errors when fetching user count" time="0">
    </testcase>
    <testcase classname="User API should have baseUrl property" name="User API should have baseUrl property" time="0">
    </testcase>
    <testcase classname="User API should inherit base API methods" name="User API should inherit base API methods" time="0.013">
    </testcase>
  </testsuite>
  <testsuite name="Country API" errors="0" failures="0" skipped="0" timestamp="2025-09-18T08:23:42" time="0.184" tests="4">
    <testcase classname="Country API findAll should call GET /pays with ISO ordering and no pagination" name="Country API findAll should call GET /pays with ISO ordering and no pagination" time="0.001">
    </testcase>
    <testcase classname="Country API findAll should handle errors when fetching countries" name="Country API findAll should handle errors when fetching countries" time="0.007">
    </testcase>
    <testcase classname="Country API should have correct baseUrl" name="Country API should have correct baseUrl" time="0.001">
    </testcase>
    <testcase classname="Country API should inherit base API methods" name="Country API should inherit base API methods" time="0.001">
    </testcase>
  </testsuite>
  <testsuite name="ServiceType Interface" errors="0" failures="0" skipped="0" timestamp="2025-09-18T08:23:42" time="0.123" tests="20">
    <testcase classname="ServiceType Interface Type Structure should allow service type object with minimal properties" name="ServiceType Interface Type Structure should allow service type object with minimal properties" time="0.001">
    </testcase>
    <testcase classname="ServiceType Interface Type Structure should allow service type object with all optional properties" name="ServiceType Interface Type Structure should allow service type object with all optional properties" time="0">
    </testcase>
    <testcase classname="ServiceType Interface Type Structure should work without optional properties" name="ServiceType Interface Type Structure should work without optional properties" time="0.001">
    </testcase>
    <testcase classname="ServiceType Interface Property Types should have correct name type" name="ServiceType Interface Property Types should have correct name type" time="0">
    </testcase>
    <testcase classname="ServiceType Interface Property Types should have readonly stringValue property" name="ServiceType Interface Property Types should have readonly stringValue property" time="0">
    </testcase>
    <testcase classname="ServiceType Interface Interface Extension should extend Item interface" name="ServiceType Interface Interface Extension should extend Item interface" time="0.001">
    </testcase>
    <testcase classname="ServiceType Interface Real-world Usage should work with service type list" name="ServiceType Interface Real-world Usage should work with service type list" time="0.001">
    </testcase>
    <testcase classname="ServiceType Interface Real-world Usage should work with partial service type data" name="ServiceType Interface Real-world Usage should work with partial service type data" time="0">
    </testcase>
    <testcase classname="ServiceType Interface Real-world Usage should work with service type creation payload" name="ServiceType Interface Real-world Usage should work with service type creation payload" time="0">
    </testcase>
    <testcase classname="ServiceType Interface Real-world Usage should work with service type update payload" name="ServiceType Interface Real-world Usage should work with service type update payload" time="0">
    </testcase>
    <testcase classname="ServiceType Interface Real-world Usage should work with service type filtering and categorization" name="ServiceType Interface Real-world Usage should work with service type filtering and categorization" time="0.001">
    </testcase>
    <testcase classname="ServiceType Interface Real-world Usage should work with arrays and bulk operations" name="ServiceType Interface Real-world Usage should work with arrays and bulk operations" time="0.001">
    </testcase>
    <testcase classname="ServiceType Interface Business Logic Properties should handle project lifecycle service types" name="ServiceType Interface Business Logic Properties should handle project lifecycle service types" time="0.001">
    </testcase>
    <testcase classname="ServiceType Interface Business Logic Properties should handle technical service types" name="ServiceType Interface Business Logic Properties should handle technical service types" time="0.019">
    </testcase>
    <testcase classname="ServiceType Interface Business Logic Properties should handle business service types" name="ServiceType Interface Business Logic Properties should handle business service types" time="0.001">
    </testcase>
    <testcase classname="ServiceType Interface Business Logic Properties should handle support service types" name="ServiceType Interface Business Logic Properties should handle support service types" time="0">
    </testcase>
    <testcase classname="ServiceType Interface Business Logic Properties should handle specialized service types" name="ServiceType Interface Business Logic Properties should handle specialized service types" time="0.008">
    </testcase>
    <testcase classname="ServiceType Interface Business Logic Properties should handle display representation variations" name="ServiceType Interface Business Logic Properties should handle display representation variations" time="0">
    </testcase>
    <testcase classname="ServiceType Interface Business Logic Properties should handle service type search and matching" name="ServiceType Interface Business Logic Properties should handle service type search and matching" time="0.001">
    </testcase>
    <testcase classname="ServiceType Interface Business Logic Properties should handle service type categorization and grouping" name="ServiceType Interface Business Logic Properties should handle service type categorization and grouping" time="0.001">
    </testcase>
  </testsuite>
  <testsuite name="Customer Interface" errors="0" failures="0" skipped="0" timestamp="2025-09-18T08:23:42" time="0.155" tests="19">
    <testcase classname="Customer Interface Type Structure should allow customer object with minimal properties" name="Customer Interface Type Structure should allow customer object with minimal properties" time="0.002">
    </testcase>
    <testcase classname="Customer Interface Type Structure should allow customer object with all optional properties" name="Customer Interface Type Structure should allow customer object with all optional properties" time="0.002">
    </testcase>
    <testcase classname="Customer Interface Type Structure should work without optional properties" name="Customer Interface Type Structure should work without optional properties" time="0.002">
    </testcase>
    <testcase classname="Customer Interface Property Types should have correct nomSociete type" name="Customer Interface Property Types should have correct nomSociete type" time="0">
    </testcase>
    <testcase classname="Customer Interface Property Types should have correct contact fields types" name="Customer Interface Property Types should have correct contact fields types" time="0.007">
    </testcase>
    <testcase classname="Customer Interface Property Types should have correct reference type" name="Customer Interface Property Types should have correct reference type" time="0">
    </testcase>
    <testcase classname="Customer Interface Property Types should have correct date types" name="Customer Interface Property Types should have correct date types" time="0.001">
    </testcase>
    <testcase classname="Customer Interface Property Types should allow any type for relationship properties" name="Customer Interface Property Types should allow any type for relationship properties" time="0.001">
    </testcase>
    <testcase classname="Customer Interface Property Types should have readonly stringValue property" name="Customer Interface Property Types should have readonly stringValue property" time="0">
    </testcase>
    <testcase classname="Customer Interface Interface Extension should extend Item interface" name="Customer Interface Interface Extension should extend Item interface" time="0.001">
    </testcase>
    <testcase classname="Customer Interface Real-world Usage should work with customer list" name="Customer Interface Real-world Usage should work with customer list" time="0">
    </testcase>
    <testcase classname="Customer Interface Real-world Usage should work with partial customer data" name="Customer Interface Real-world Usage should work with partial customer data" time="0.002">
    </testcase>
    <testcase classname="Customer Interface Real-world Usage should work with customer creation payload" name="Customer Interface Real-world Usage should work with customer creation payload" time="0.001">
    </testcase>
    <testcase classname="Customer Interface Real-world Usage should work with customer update payload" name="Customer Interface Real-world Usage should work with customer update payload" time="0.001">
    </testcase>
    <testcase classname="Customer Interface Business Logic Properties should handle company information correctly" name="Customer Interface Business Logic Properties should handle company information correctly" time="0.001">
    </testcase>
    <testcase classname="Customer Interface Business Logic Properties should handle contact information" name="Customer Interface Business Logic Properties should handle contact information" time="0.001">
    </testcase>
    <testcase classname="Customer Interface Business Logic Properties should handle date tracking" name="Customer Interface Business Logic Properties should handle date tracking" time="0.001">
    </testcase>
    <testcase classname="Customer Interface Business Logic Properties should handle relationships" name="Customer Interface Business Logic Properties should handle relationships" time="0.002">
    </testcase>
    <testcase classname="Customer Interface Business Logic Properties should handle display representation" name="Customer Interface Business Logic Properties should handle display representation" time="0">
    </testcase>
  </testsuite>
  <testsuite name="CRM Routes" errors="0" failures="0" skipped="0" timestamp="2025-09-18T08:23:42" time="0.161" tests="17">
    <testcase classname="CRM Routes should be an array of route objects" name="CRM Routes should be an array of route objects" time="0.002">
    </testcase>
    <testcase classname="CRM Routes CRM Menu Route should have CRM menu route" name="CRM Routes CRM Menu Route should have CRM menu route" time="0.001">
    </testcase>
    <testcase classname="CRM Routes Customer Routes should have customers list route" name="CRM Routes Customer Routes should have customers list route" time="0.001">
    </testcase>
    <testcase classname="CRM Routes Customer Routes should have correct props function for customers" name="CRM Routes Customer Routes should have correct props function for customers" time="0.001">
    </testcase>
    <testcase classname="CRM Routes Lead Routes should have lead dashboard route" name="CRM Routes Lead Routes should have lead dashboard route" time="0.001">
    </testcase>
    <testcase classname="CRM Routes Lead Routes should have lead list route" name="CRM Routes Lead Routes should have lead list route" time="0.007">
    </testcase>
    <testcase classname="CRM Routes Lead Routes should have correct props for lead list" name="CRM Routes Lead Routes should have correct props for lead list" time="0">
    </testcase>
    <testcase classname="CRM Routes Lead Routes should have lead page route with parameter" name="CRM Routes Lead Routes should have lead page route with parameter" time="0">
    </testcase>
    <testcase classname="CRM Routes CRM Settings Routes should have CRM settings menu route" name="CRM Routes CRM Settings Routes should have CRM settings menu route" time="0">
    </testcase>
    <testcase classname="CRM Routes CRM Settings Routes should have assignment rules route" name="CRM Routes CRM Settings Routes should have assignment rules route" time="0.001">
    </testcase>
    <testcase classname="CRM Routes CRM Settings Routes should have origins list route" name="CRM Routes CRM Settings Routes should have origins list route" time="0">
    </testcase>
    <testcase classname="CRM Routes CRM Settings Routes should have refusal reasons route" name="CRM Routes CRM Settings Routes should have refusal reasons route" time="0">
    </testcase>
    <testcase classname="CRM Routes Route Icons should have appropriate icons for routes" name="CRM Routes Route Icons should have appropriate icons for routes" time="0.002">
    </testcase>
    <testcase classname="CRM Routes Role-based Access should have role restrictions on all routes" name="CRM Routes Role-based Access should have role restrictions on all routes" time="0">
    </testcase>
    <testcase classname="CRM Routes Role-based Access should have valid role names" name="CRM Routes Role-based Access should have valid role names" time="0.003">
    </testcase>
    <testcase classname="CRM Routes Menu Hierarchy should have proper parent-child relationships" name="CRM Routes Menu Hierarchy should have proper parent-child relationships" time="0.001">
    </testcase>
    <testcase classname="CRM Routes Menu Hierarchy should have dropdown menus properly configured" name="CRM Routes Menu Hierarchy should have dropdown menus properly configured" time="0.001">
    </testcase>
  </testsuite>
  <testsuite name="Global Store" errors="0" failures="0" skipped="0" timestamp="2025-09-18T08:23:42" time="0.191" tests="11">
    <testcase classname="Global Store Initial State should initialize with default values" name="Global Store Initial State should initialize with default values" time="0.007">
    </testcase>
    <testcase classname="Global Store Initial State should read perPage from sessionStorage" name="Global Store Initial State should read perPage from sessionStorage" time="0.001">
    </testcase>
    <testcase classname="Global Store Initial State should use default perPage when sessionStorage is null" name="Global Store Initial State should use default perPage when sessionStorage is null" time="0.005">
    </testcase>
    <testcase classname="Global Store setIsBackgroundLoading should increment counter when setting to true" name="Global Store setIsBackgroundLoading should increment counter when setting to true" time="0.002">
    </testcase>
    <testcase classname="Global Store setIsBackgroundLoading should decrement counter when setting to false" name="Global Store setIsBackgroundLoading should decrement counter when setting to false" time="0.001">
    </testcase>
    <testcase classname="Global Store setIsBackgroundLoading should set isBackgroundLoading to false when counter reaches 0" name="Global Store setIsBackgroundLoading should set isBackgroundLoading to false when counter reaches 0" time="0.002">
    </testcase>
    <testcase classname="Global Store setIsBackgroundLoading should handle negative counter by resetting to 0" name="Global Store setIsBackgroundLoading should handle negative counter by resetting to 0" time="0.001">
    </testcase>
    <testcase classname="Global Store setIsBackgroundLoading should allow going below 0" name="Global Store setIsBackgroundLoading should allow going below 0" time="0.002">
    </testcase>
    <testcase classname="Global Store setPerPage should set perPage value and save to sessionStorage" name="Global Store setPerPage should set perPage value and save to sessionStorage" time="0.001">
    </testcase>
    <testcase classname="Global Store setPerPage should handle different perPage values" name="Global Store setPerPage should handle different perPage values" time="0.011">
    </testcase>
    <testcase classname="Global Store Multiple background loading requests should handle multiple concurrent background loading requests" name="Global Store Multiple background loading requests should handle multiple concurrent background loading requests" time="0.001">
    </testcase>
  </testsuite>
  <testsuite name="AboutView.vue" errors="0" failures="0" skipped="0" timestamp="2025-09-18T08:23:42" time="0.145" tests="3">
    <testcase classname="AboutView.vue is a Vue component" name="AboutView.vue is a Vue component" time="0.001">
    </testcase>
    <testcase classname="AboutView.vue can be imported successfully" name="AboutView.vue can be imported successfully" time="0.001">
    </testcase>
    <testcase classname="AboutView.vue is a valid Vue SFC" name="AboutView.vue is a valid Vue SFC" time="0">
    </testcase>
  </testsuite>
  <testsuite name="TokenInfo (JWT Token Info)" errors="0" failures="0" skipped="0" timestamp="2025-09-18T08:23:42" time="0.196" tests="15">
    <testcase classname="TokenInfo (JWT Token Info) Constructor should create instance with default values when no rawData provided" name="TokenInfo (JWT Token Info) Constructor should create instance with default values when no rawData provided" time="0.029">
    </testcase>
    <testcase classname="TokenInfo (JWT Token Info) Constructor should create instance with provided rawData" name="TokenInfo (JWT Token Info) Constructor should create instance with provided rawData" time="0.013">
    </testcase>
    <testcase classname="TokenInfo (JWT Token Info) Constructor should handle partial rawData" name="TokenInfo (JWT Token Info) Constructor should handle partial rawData" time="0.001">
    </testcase>
    <testcase classname="TokenInfo (JWT Token Info) Constructor should handle null and undefined values" name="TokenInfo (JWT Token Info) Constructor should handle null and undefined values" time="0.001">
    </testcase>
    <testcase classname="TokenInfo (JWT Token Info) Constructor should handle empty strings and zero values" name="TokenInfo (JWT Token Info) Constructor should handle empty strings and zero values" time="0">
    </testcase>
    <testcase classname="TokenInfo (JWT Token Info) Constructor should handle empty arrays for roles" name="TokenInfo (JWT Token Info) Constructor should handle empty arrays for roles" time="0.001">
    </testcase>
    <testcase classname="TokenInfo (JWT Token Info) Constructor should handle null rawData" name="TokenInfo (JWT Token Info) Constructor should handle null rawData" time="0.001">
    </testcase>
    <testcase classname="TokenInfo (JWT Token Info) Property Types should set number properties correctly" name="TokenInfo (JWT Token Info) Property Types should set number properties correctly" time="0.001">
    </testcase>
    <testcase classname="TokenInfo (JWT Token Info) Property Types should set string properties correctly" name="TokenInfo (JWT Token Info) Property Types should set string properties correctly" time="0.001">
    </testcase>
    <testcase classname="TokenInfo (JWT Token Info) Property Types should set object/array properties correctly" name="TokenInfo (JWT Token Info) Property Types should set object/array properties correctly" time="0.001">
    </testcase>
    <testcase classname="TokenInfo (JWT Token Info) Inheritance should extend BaseModel" name="TokenInfo (JWT Token Info) Inheritance should extend BaseModel" time="0.001">
    </testcase>
    <testcase classname="TokenInfo (JWT Token Info) Inheritance should call parent constructor" name="TokenInfo (JWT Token Info) Inheritance should call parent constructor" time="0">
    </testcase>
    <testcase classname="TokenInfo (JWT Token Info) Real-world JWT Token scenarios should handle typical JWT payload structure" name="TokenInfo (JWT Token Info) Real-world JWT Token scenarios should handle typical JWT payload structure" time="0.001">
    </testcase>
    <testcase classname="TokenInfo (JWT Token Info) Real-world JWT Token scenarios should handle expired token data" name="TokenInfo (JWT Token Info) Real-world JWT Token scenarios should handle expired token data" time="0.001">
    </testcase>
    <testcase classname="TokenInfo (JWT Token Info) Real-world JWT Token scenarios should handle token with points system" name="TokenInfo (JWT Token Info) Real-world JWT Token scenarios should handle token with points system" time="0.001">
    </testcase>
  </testsuite>
  <testsuite name="Societe Interface" errors="0" failures="0" skipped="0" timestamp="2025-09-18T08:23:42" time="0.201" tests="19">
    <testcase classname="Societe Interface Type Structure should allow societe object with minimal properties" name="Societe Interface Type Structure should allow societe object with minimal properties" time="0.002">
    </testcase>
    <testcase classname="Societe Interface Type Structure should allow societe object with all optional properties" name="Societe Interface Type Structure should allow societe object with all optional properties" time="0.001">
    </testcase>
    <testcase classname="Societe Interface Type Structure should work without optional properties" name="Societe Interface Type Structure should work without optional properties" time="0">
    </testcase>
    <testcase classname="Societe Interface Property Types should have correct nom type" name="Societe Interface Property Types should have correct nom type" time="0.002">
    </testcase>
    <testcase classname="Societe Interface Property Types should have correct active type" name="Societe Interface Property Types should have correct active type" time="0.016">
    </testcase>
    <testcase classname="Societe Interface Property Types should allow any type for pays property" name="Societe Interface Property Types should allow any type for pays property" time="0.001">
    </testcase>
    <testcase classname="Societe Interface Property Types should have readonly stringValue property" name="Societe Interface Property Types should have readonly stringValue property" time="0">
    </testcase>
    <testcase classname="Societe Interface Interface Extension should extend Item interface" name="Societe Interface Interface Extension should extend Item interface" time="0.001">
    </testcase>
    <testcase classname="Societe Interface Real-world Usage should work with societe list" name="Societe Interface Real-world Usage should work with societe list" time="0.004">
    </testcase>
    <testcase classname="Societe Interface Real-world Usage should work with partial societe data" name="Societe Interface Real-world Usage should work with partial societe data" time="0">
    </testcase>
    <testcase classname="Societe Interface Real-world Usage should work with societe creation payload" name="Societe Interface Real-world Usage should work with societe creation payload" time="0.001">
    </testcase>
    <testcase classname="Societe Interface Real-world Usage should work with societe update payload" name="Societe Interface Real-world Usage should work with societe update payload" time="0">
    </testcase>
    <testcase classname="Societe Interface Real-world Usage should work with active societes filtering" name="Societe Interface Real-world Usage should work with active societes filtering" time="0.001">
    </testcase>
    <testcase classname="Societe Interface Business Logic Properties should handle company status correctly" name="Societe Interface Business Logic Properties should handle company status correctly" time="0.001">
    </testcase>
    <testcase classname="Societe Interface Business Logic Properties should handle country relationship variations" name="Societe Interface Business Logic Properties should handle country relationship variations" time="0">
    </testcase>
    <testcase classname="Societe Interface Business Logic Properties should handle display representation" name="Societe Interface Business Logic Properties should handle display representation" time="0">
    </testcase>
    <testcase classname="Societe Interface Business Logic Properties should handle multinational scenarios" name="Societe Interface Business Logic Properties should handle multinational scenarios" time="0.001">
    </testcase>
    <testcase classname="Societe Interface Business Logic Properties should handle company hierarchy" name="Societe Interface Business Logic Properties should handle company hierarchy" time="0.001">
    </testcase>
    <testcase classname="Societe Interface Business Logic Properties should handle company types and sectors" name="Societe Interface Business Logic Properties should handle company types and sectors" time="0.001">
    </testcase>
  </testsuite>
  <testsuite name="BusinessSector Interface" errors="0" failures="0" skipped="0" timestamp="2025-09-18T08:23:42" time="0.17" tests="18">
    <testcase classname="BusinessSector Interface Type Structure should allow business sector object with minimal properties" name="BusinessSector Interface Type Structure should allow business sector object with minimal properties" time="0.001">
    </testcase>
    <testcase classname="BusinessSector Interface Type Structure should allow business sector object with all optional properties" name="BusinessSector Interface Type Structure should allow business sector object with all optional properties" time="0.001">
    </testcase>
    <testcase classname="BusinessSector Interface Type Structure should work without optional properties" name="BusinessSector Interface Type Structure should work without optional properties" time="0.001">
    </testcase>
    <testcase classname="BusinessSector Interface Property Types should have correct name type" name="BusinessSector Interface Property Types should have correct name type" time="0">
    </testcase>
    <testcase classname="BusinessSector Interface Property Types should have readonly stringValue property" name="BusinessSector Interface Property Types should have readonly stringValue property" time="0">
    </testcase>
    <testcase classname="BusinessSector Interface Interface Extension should extend Item interface" name="BusinessSector Interface Interface Extension should extend Item interface" time="0.005">
    </testcase>
[...]
    <testcase classname="Service Type Store Store Creation should create store instance" name="Service Type Store Store Creation should create store instance" time="0.005">
    </testcase>
    <testcase classname="Service Type Store Store Creation should expose reactive properties" name="Service Type Store Store Creation should expose reactive properties" time="0.002">
    </testcase>
    <testcase classname="Service Type Store Store Creation should expose computed properties" name="Service Type Store Store Creation should expose computed properties" time="0.001">
    </testcase>
    <testcase classname="Service Type Store API Integration should use serviceType API" name="Service Type Store API Integration should use serviceType API" time="0.003">
    </testcase>
    <testcase classname="Service Type Store Store Methods should expose all base store methods" name="Service Type Store Store Methods should expose all base store methods" time="0.008">
    </testcase>
    <testcase classname="Service Type Store Store Methods should have all methods available for invocation" name="Service Type Store Store Methods should have all methods available for invocation" time="0.002">
    </testcase>
    <testcase classname="Service Type Store Error Handling should handle errors through base store" name="Service Type Store Error Handling should handle errors through base store" time="0.001">
    </testcase>
    <testcase classname="Service Type Store State Management should manage loading state" name="Service Type Store State Management should manage loading state" time="0.001">
    </testcase>
    <testcase classname="Service Type Store State Management should manage current page" name="Service Type Store State Management should manage current page" time="0">
    </testcase>
    <testcase classname="Service Type Store State Management should manage list data" name="Service Type Store State Management should manage list data" time="0.001">
    </testcase>
    <testcase classname="Service Type Store State Management should manage item data" name="Service Type Store State Management should manage item data" time="0.001">
    </testcase>
  </testsuite>
  <testsuite name="Business Sector API" errors="0" failures="0" skipped="0" timestamp="2025-09-18T08:23:42" time="0.119" tests="3">
    <testcase classname="Business Sector API should have correct baseUrl" name="Business Sector API should have correct baseUrl" time="0.001">
    </testcase>
    <testcase classname="Business Sector API should inherit all base API methods" name="Business Sector API should inherit all base API methods" time="0.001">
    </testcase>
    <testcase classname="Business Sector API should be a merged object with api_base" name="Business Sector API should be a merged object with api_base" time="0">
    </testcase>
  </testsuite>
  <testsuite name="ErrorMessage.vue" errors="0" failures="0" skipped="0" timestamp="2025-09-18T08:23:42" time="0.105" tests="3">
    <testcase classname="ErrorMessage.vue is a Vue component" name="ErrorMessage.vue is a Vue component" time="0.002">
    </testcase>
    <testcase classname="ErrorMessage.vue can be imported successfully" name="ErrorMessage.vue can be imported successfully" time="0.001">
    </testcase>
    <testcase classname="ErrorMessage.vue is a valid Vue SFC" name="ErrorMessage.vue is a valid Vue SFC" time="0.001">
    </testcase>
  </testsuite>
  <testsuite name="DatatableSortBy Interface" errors="0" failures="0" skipped="0" timestamp="2025-09-18T08:23:42" time="0.079" tests="14">
    <testcase classname="DatatableSortBy Interface OrderBy Type should accept &quot;asc&quot; value" name="DatatableSortBy Interface OrderBy Type should accept &quot;asc&quot; value" time="0.001">
    </testcase>
    <testcase classname="DatatableSortBy Interface OrderBy Type should accept &quot;desc&quot; value" name="DatatableSortBy Interface OrderBy Type should accept &quot;desc&quot; value" time="0.001">
    </testcase>
    <testcase classname="DatatableSortBy Interface OrderBy Type should be used in type checking" name="DatatableSortBy Interface OrderBy Type should be used in type checking" time="0">
    </testcase>
    <testcase classname="DatatableSortBy Interface DatatableSortBy Interface should have key property as string" name="DatatableSortBy Interface DatatableSortBy Interface should have key property as string" time="0">
    </testcase>
    <testcase classname="DatatableSortBy Interface DatatableSortBy Interface should have order property as OrderBy" name="DatatableSortBy Interface DatatableSortBy Interface should have order property as OrderBy" time="0">
    </testcase>
    <testcase classname="DatatableSortBy Interface DatatableSortBy Interface should work with different column names" name="DatatableSortBy Interface DatatableSortBy Interface should work with different column names" time="0.001">
    </testcase>
    <testcase classname="DatatableSortBy Interface Real-world Usage should work for user table sorting" name="DatatableSortBy Interface Real-world Usage should work for user table sorting" time="0">
    </testcase>
    <testcase classname="DatatableSortBy Interface Real-world Usage should work for product table sorting" name="DatatableSortBy Interface Real-world Usage should work for product table sorting" time="0.001">
    </testcase>
    <testcase classname="DatatableSortBy Interface Real-world Usage should work for date-based sorting" name="DatatableSortBy Interface Real-world Usage should work for date-based sorting" time="0.001">
    </testcase>
    <testcase classname="DatatableSortBy Interface Sorting Functions should be usable in sorting logic" name="DatatableSortBy Interface Sorting Functions should be usable in sorting logic" time="0">
    </testcase>
    <testcase classname="DatatableSortBy Interface Sorting Functions should work with multiple sort criteria" name="DatatableSortBy Interface Sorting Functions should work with multiple sort criteria" time="0.001">
    </testcase>
    <testcase classname="DatatableSortBy Interface Edge Cases should handle empty key" name="DatatableSortBy Interface Edge Cases should handle empty key" time="0">
    </testcase>
    <testcase classname="DatatableSortBy Interface Edge Cases should handle nested property keys" name="DatatableSortBy Interface Edge Cases should handle nested property keys" time="0">
    </testcase>
    <testcase classname="DatatableSortBy Interface Edge Cases should handle numeric-like keys" name="DatatableSortBy Interface Edge Cases should handle numeric-like keys" time="0.001">
    </testcase>
  </testsuite>
  <testsuite name="Lead Assignment Rule API" errors="0" failures="0" skipped="0" timestamp="2025-09-18T08:23:42" time="0.064" tests="2">
    <testcase classname="Lead Assignment Rule API should have correct baseUrl" name="Lead Assignment Rule API should have correct baseUrl" time="0.001">
    </testcase>
    <testcase classname="Lead Assignment Rule API should inherit all base API methods" name="Lead Assignment Rule API should inherit all base API methods" time="0.001">
    </testcase>
  </testsuite>
  <testsuite name="UserCircle.vue" errors="0" failures="0" skipped="0" timestamp="2025-09-18T08:23:40" time="2.081" tests="3">
    <testcase classname="UserCircle.vue is a Vue component" name="UserCircle.vue is a Vue component" time="0.004">
    </testcase>
    <testcase classname="UserCircle.vue can be imported successfully" name="UserCircle.vue can be imported successfully" time="0.001">
    </testcase>
    <testcase classname="UserCircle.vue is a valid Vue SFC" name="UserCircle.vue is a valid Vue SFC" time="0.001">
    </testcase>
  </testsuite>
  <testsuite name="App.vue" errors="0" failures="0" skipped="0" timestamp="2025-09-18T08:23:40" time="2.261" tests="13">
    <testcase classname="App.vue is a Vue component" name="App.vue is a Vue component" time="0.005">
    </testcase>
    <testcase classname="App.vue renders v-app with correct structure" name="App.vue renders v-app with correct structure" time="0.001">
    </testcase>
    <testcase classname="App.vue displays app title correctly" name="App.vue displays app title correctly" time="0.001">
    </testcase>
    <testcase classname="App.vue shows loading indicator when globalStore.isBackgroundLoading is true" name="App.vue shows loading indicator when globalStore.isBackgroundLoading is true" time="0">
    </testcase>
    <testcase classname="App.vue shows admin controls when user is admin and not logged as another user" name="App.vue shows admin controls when user is admin and not logged as another user" time="0.001">
    </testcase>
    <testcase classname="App.vue shows switch user controls when logged as another user" name="App.vue shows switch user controls when logged as another user" time="0">
    </testcase>
    <testcase classname="App.vue shows user menu when authenticated and not logged as another user" name="App.vue shows user menu when authenticated and not logged as another user" time="0.001">
    </testcase>
    <testcase classname="App.vue displays copyright with current year" name="App.vue displays copyright with current year" time="0">
    </testcase>
    <testcase classname="App.vue calls getCopyrightEndDate and returns current year" name="App.vue calls getCopyrightEndDate and returns current year" time="0.001">
    </testcase>
    <testcase classname="App.vue handles environment display correctly" name="App.vue handles environment display correctly" time="0.001">
    </testcase>
    <testcase classname="App.vue generates legacy intranet URL correctly" name="App.vue generates legacy intranet URL correctly" time="0">
    </testcase>
    <testcase classname="App.vue handles logout correctly" name="App.vue handles logout correctly" time="0.001">
    </testcase>
    <testcase classname="App.vue component mounts successfully" name="App.vue component mounts successfully" time="0">
    </testcase>
  </testsuite>
  <testsuite name="Security Store" errors="0" failures="0" skipped="0" timestamp="2025-09-18T08:23:40" time="2.251" tests="28">
    <testcase classname="Security Store JWT Token Parsing should parse JWT token correctly" name="Security Store JWT Token Parsing should parse JWT token correctly" time="0.006">
    </testcase>
    <testcase classname="Security Store JWT Token Parsing should return null for invalid JWT token" name="Security Store JWT Token Parsing should return null for invalid JWT token" time="0.001">
    </testcase>
    <testcase classname="Security Store Authentication State should return false when no JWT token exists" name="Security Store Authentication State should return false when no JWT token exists" time="0.001">
    </testcase>
    <testcase classname="Security Store Authentication State should return true when JWT token exists" name="Security Store Authentication State should return true when JWT token exists" time="0">
    </testcase>
    <testcase classname="Security Store User Information should return user ID from JWT token" name="Security Store User Information should return user ID from JWT token" time="0">
    </testcase>
    <testcase classname="Security Store User Information should return user email from JWT token" name="Security Store User Information should return user email from JWT token" time="0.001">
    </testcase>
    <testcase classname="Security Store User Information should return user firstname from JWT token" name="Security Store User Information should return user firstname from JWT token" time="0.001">
    </testcase>
    <testcase classname="Security Store User Information should return user lastname from JWT token" name="Security Store User Information should return user lastname from JWT token" time="0">
    </testcase>
    <testcase classname="Security Store User Information should return username from JWT token" name="Security Store User Information should return username from JWT token" time="0.001">
    </testcase>
    <testcase classname="Security Store Role Management should check if user has admin role" name="Security Store Role Management should check if user has admin role" time="0.001">
    </testcase>
    <testcase classname="Security Store Role Management should return false if user is not admin" name="Security Store Role Management should return false if user is not admin" time="0">
    </testcase>
    <testcase classname="Security Store Role Management should check if user has specific role" name="Security Store Role Management should check if user has specific role" time="0.001">
    </testcase>
    <testcase classname="Security Store User Impersonation should return true if user is logged as another user" name="Security Store User Impersonation should return true if user is logged as another user" time="0.001">
    </testcase>
    <testcase classname="Security Store User Impersonation should return false if user is not impersonating" name="Security Store User Impersonation should return false if user is not impersonating" time="0">
    </testcase>
    <testcase classname="Security Store User Impersonation should return impersonated user identifier" name="Security Store User Impersonation should return impersonated user identifier" time="0.001">
    </testcase>
    <testcase classname="Security Store User Impersonation should switch to another user" name="Security Store User Impersonation should switch to another user" time="0.001">
    </testcase>
    <testcase classname="Security Store User Impersonation should reset user switch" name="Security Store User Impersonation should reset user switch" time="0.001">
    </testcase>
    <testcase classname="Security Store Login Process should login successfully" name="Security Store Login Process should login successfully" time="0.001">
    </testcase>
    <testcase classname="Security Store Login Process should handle login error" name="Security Store Login Process should handle login error" time="0.001">
    </testcase>
    <testcase classname="Security Store Logout Process should logout successfully" name="Security Store Logout Process should logout successfully" time="0.001">
    </testcase>
    <testcase classname="Security Store Logout Process should clear session storage on logout" name="Security Store Logout Process should clear session storage on logout" time="0.001">
    </testcase>
    <testcase classname="Security Store Role Hierarchy should load role hierarchy" name="Security Store Role Hierarchy should load role hierarchy" time="0.001">
    </testcase>
    <testcase classname="Security Store Role Hierarchy should load role hierarchy map" name="Security Store Role Hierarchy should load role hierarchy map" time="0.008">
    </testcase>
    <testcase classname="Security Store Session Management should refresh session from storage" name="Security Store Session Management should refresh session from storage" time="0">
    </testcase>
    <testcase classname="Security Store Session Management should disconnect user session through logout" name="Security Store Session Management should disconnect user session through logout" time="0">
    </testcase>
    <testcase classname="Security Store API Integration should get user profile from API" name="Security Store API Integration should get user profile from API" time="0.001">
    </testcase>
    <testcase classname="Security Store API Integration should handle API error gracefully" name="Security Store API Integration should handle API error gracefully" time="0.008">
    </testcase>
    <testcase classname="Security Store API Integration should execute long request" name="Security Store API Integration should execute long request" time="0.001">
    </testcase>
  </testsuite>
  <testsuite name="Router" errors="0" failures="0" skipped="0" timestamp="2025-09-18T08:23:40" time="2.396" tests="18">
    <testcase classname="Router is a valid router instance" name="Router is a valid router instance" time="0.004">
    </testcase>
    <testcase classname="Router has routes defined" name="Router has routes defined" time="0.003">
    </testcase>
    <testcase classname="Router has web history mode" name="Router has web history mode" time="0.001">
    </testcase>
    <testcase classname="Router Route Navigation should navigate to home route" name="Router Route Navigation should navigate to home route" time="0">
    </testcase>
    <testcase classname="Router Route Navigation should handle route parameters" name="Router Route Navigation should handle route parameters" time="0.001">
    </testcase>
    <testcase classname="Router Route Navigation should maintain route state" name="Router Route Navigation should maintain route state" time="0">
    </testcase>
    <testcase classname="Router Route Guards should have beforeEach guard configured" name="Router Route Guards should have beforeEach guard configured" time="0.001">
    </testcase>
    <testcase classname="Router Route Guards should handle route transitions" name="Router Route Guards should handle route transitions" time="0">
    </testcase>
    <testcase classname="Router Route Meta Information should handle routes with meta information" name="Router Route Meta Information should handle routes with meta information" time="0.001">
    </testcase>
    <testcase classname="Router Route Meta Information should support lazy-loaded components" name="Router Route Meta Information should support lazy-loaded components" time="0">
    </testcase>
    <testcase classname="Router Error Handling should handle invalid routes gracefully" name="Router Error Handling should handle invalid routes gracefully" time="0.003">
    </testcase>
    <testcase classname="Router Error Handling should have proper error boundaries" name="Router Error Handling should have proper error boundaries" time="0">
    </testcase>
    <testcase classname="Router Router Configuration should use correct base configuration" name="Router Router Configuration should use correct base configuration" time="0">
    </testcase>
    <testcase classname="Router Router Configuration should handle concurrent navigation" name="Router Router Configuration should handle concurrent navigation" time="0.001">
    </testcase>
    <testcase classname="Router Router Configuration should maintain navigation history" name="Router Router Configuration should maintain navigation history" time="0">
    </testcase>
    <testcase classname="Router Route Matching should match routes correctly" name="Router Route Matching should match routes correctly" time="0.001">
    </testcase>
    <testcase classname="Router Route Matching should handle query parameters" name="Router Route Matching should handle query parameters" time="0.001">
    </testcase>
    <testcase classname="Router Route Matching should handle hash fragments" name="Router Route Matching should handle hash fragments" time="0.001">
    </testcase>
  </testsuite>
  <testsuite name="main.ts" errors="0" failures="0" skipped="0" timestamp="2025-09-18T08:23:40" time="2.538" tests="6">
    <testcase classname="main.ts creates Vue app with App component" name="main.ts creates Vue app with App component" time="1.265">
    </testcase>
    <testcase classname="main.ts creates and uses Pinia store" name="main.ts creates and uses Pinia store" time="0.095">
    </testcase>
    <testcase classname="main.ts uses all required plugins in correct order" name="main.ts uses all required plugins in correct order" time="0.082">
    </testcase>
    <testcase classname="main.ts mounts the app to #app element" name="main.ts mounts the app to #app element" time="0.07">
    </testcase>
    <testcase classname="main.ts follows the correct initialization sequence" name="main.ts follows the correct initialization sequence" time="0.073">
    </testcase>
    <testcase classname="main.ts creates app instance and configures it properly" name="main.ts creates app instance and configures it properly" time="0.067">
    </testcase>
  </testsuite>
</testsuites>